Application/app/build/intermediates/manifest_merge_blame_file/release/manifest-merger-blame-release-report.txt
1<?xml version="1.0" encoding="utf-8"?>
2<manifest xmlns:android="http://schemas.android.com/apk/res/android"
3    package="com.notesplus.KrishSatasiya"
4    android:versionCode="1"
5    android:versionName="1.1" >
6
7    <uses-sdk
8        android:minSdkVersion="21"
8-->src\main\AndroidManifest.xml
9        android:targetSdkVersion="30" />
9-->src\main\AndroidManifest.xml
10
11    <uses-permission android:name="android.permission.INTERNET" />
11-->src\main\AndroidManifest.xml:6:5-67
11-->src\main\AndroidManifest.xml:6:22-64
12    <uses-permission android:name="android.permission.ACCESS_NETWORK_STATE" /> <!-- Android package visibility setting -->
12-->[com.google.android.gms:play-services-ads-lite:20.1.0] AndroidManifest.xml:24:5-79
12-->[com.google.android.gms:play-services-ads-lite:20.1.0] AndroidManifest.xml:24:22-76
13    <queries>
13-->[com.google.android.gms:play-services-ads-lite:20.1.0] AndroidManifest.xml:27:5-43:15
14
15        <!-- For browser content -->
16        <intent>
16-->[com.google.android.gms:play-services-ads-lite:20.1.0] AndroidManifest.xml:30:9-36:18
17            <action android:name="android.intent.action.VIEW" />
17-->[com.google.android.gms:play-services-ads-lite:20.1.0] AndroidManifest.xml:31:13-65
17-->[com.google.android.gms:play-services-ads-lite:20.1.0] AndroidManifest.xml:31:21-62
18
19            <category android:name="android.intent.category.BROWSABLE" />
19-->[com.google.android.gms:play-services-ads-lite:20.1.0] AndroidManifest.xml:33:13-74
19-->[com.google.android.gms:play-services-ads-lite:20.1.0] AndroidManifest.xml:33:23-71
20
21            <data android:scheme="https" />
21-->[com.google.android.gms:play-services-ads-lite:20.1.0] AndroidManifest.xml:35:13-44
21-->[com.google.android.gms:play-services-ads-lite:20.1.0] AndroidManifest.xml:35:19-41
22        </intent>
23        <!-- End of browser content -->
24        <!-- For CustomTabsService -->
25        <intent>
25-->[com.google.android.gms:play-services-ads-lite:20.1.0] AndroidManifest.xml:39:9-41:18
26            <action android:name="android.support.customtabs.action.CustomTabsService" />
26-->[com.google.android.gms:play-services-ads-lite:20.1.0] AndroidManifest.xml:40:13-90
26-->[com.google.android.gms:play-services-ads-lite:20.1.0] AndroidManifest.xml:40:21-87
27        </intent>
28        <!-- End of CustomTabsService -->
29    </queries>
30
31    <uses-permission android:name="android.permission.WAKE_LOCK" />
31-->[com.google.android.gms:play-services-measurement-sdk-api:18.0.0] AndroidManifest.xml:25:5-68
31-->[com.google.android.gms:play-services-measurement-sdk-api:18.0.0] AndroidManifest.xml:25:22-65
32    <uses-permission android:name="android.permission.RECEIVE_BOOT_COMPLETED" />
32-->[androidx.work:work-runtime:2.1.0] AndroidManifest.xml:27:5-81
32-->[androidx.work:work-runtime:2.1.0] AndroidManifest.xml:27:22-78
33
34    <application
34-->src\main\AndroidManifest.xml:8:5-90:19
35        android:allowBackup="true"
35-->src\main\AndroidManifest.xml:9:9-35
36        android:appComponentFactory="androidx.core.app.CoreComponentFactory"
36-->[androidx.core:core:1.3.1] AndroidManifest.xml:24:18-86
37        android:icon="@drawable/app_icon"
37-->src\main\AndroidManifest.xml:10:9-42
38        android:label="Notes Plus"
38-->src\main\AndroidManifest.xml:11:9-35
39        android:largeHeap="true"
39-->src\main\AndroidManifest.xml:12:9-33
40        android:theme="@style/AppTheme"
40-->src\main\AndroidManifest.xml:13:9-40
41        android:usesCleartextTraffic="true" >
41-->src\main\AndroidManifest.xml:14:9-44
42        <activity android:name="com.notesplus.KrishSatasiya.PrivacyPolicy" />
42-->src\main\AndroidManifest.xml:17:9-60
42-->src\main\AndroidManifest.xml:17:19-48
43        <activity
43-->src\main\AndroidManifest.xml:18:9-31:20
44            android:name="com.notesplus.KrishSatasiya.MainActivity"
44-->src\main\AndroidManifest.xml:19:13-41
45            android:configChanges="orientation|screenSize|keyboardHidden|smallestScreenSize|screenLayout"
45-->src\main\AndroidManifest.xml:20:13-106
46            android:hardwareAccelerated="true"
46-->src\main\AndroidManifest.xml:21:13-47
47            android:screenOrientation="portrait"
47-->src\main\AndroidManifest.xml:22:13-49
48            android:supportsPictureInPicture="true"
48-->src\main\AndroidManifest.xml:23:13-52
49            android:windowSoftInputMode="stateHidden" >
49-->src\main\AndroidManifest.xml:24:13-54
50            <intent-filter>
50-->src\main\AndroidManifest.xml:26:13-30:29
51                <action android:name="android.intent.action.MAIN" />
51-->src\main\AndroidManifest.xml:27:17-69
51-->src\main\AndroidManifest.xml:27:25-66
52
53                <category android:name="android.intent.category.LAUNCHER" />
53-->src\main\AndroidManifest.xml:29:17-77
53-->src\main\AndroidManifest.xml:29:27-74
54            </intent-filter>
55        </activity>
56        <activity
56-->src\main\AndroidManifest.xml:32:9-39:35
57            android:name="com.notesplus.KrishSatasiya.AddNoteActivity"
57-->src\main\AndroidManifest.xml:33:13-44
58            android:configChanges="orientation|screenSize|keyboardHidden|smallestScreenSize|screenLayout"
58-->src\main\AndroidManifest.xml:34:13-106
59            android:hardwareAccelerated="true"
59-->src\main\AndroidManifest.xml:35:13-47
60            android:screenOrientation="portrait"
60-->src\main\AndroidManifest.xml:36:13-49
61            android:supportsPictureInPicture="true"
61-->src\main\AndroidManifest.xml:37:13-52
62            android:windowSoftInputMode="stateHidden" />
62-->src\main\AndroidManifest.xml:38:13-54
63        <activity
63-->src\main\AndroidManifest.xml:40:9-47:35
64            android:name="com.notesplus.KrishSatasiya.NotesListActivity"
64-->src\main\AndroidManifest.xml:41:13-46
65            android:configChanges="orientation|screenSize|keyboardHidden|smallestScreenSize|screenLayout"
65-->src\main\AndroidManifest.xml:42:13-106
66            android:hardwareAccelerated="true"
66-->src\main\AndroidManifest.xml:43:13-47
67            android:screenOrientation="portrait"
67-->src\main\AndroidManifest.xml:44:13-49
68            android:supportsPictureInPicture="true"
68-->src\main\AndroidManifest.xml:45:13-52
69            android:windowSoftInputMode="stateHidden" />
69-->src\main\AndroidManifest.xml:46:13-54
70        <activity
70-->src\main\AndroidManifest.xml:48:9-55:35
71            android:name="com.notesplus.KrishSatasiya.NoteViewActivity"
71-->src\main\AndroidManifest.xml:49:13-45
72            android:configChanges="orientation|screenSize|keyboardHidden|smallestScreenSize|screenLayout"
72-->src\main\AndroidManifest.xml:50:13-106
73            android:hardwareAccelerated="true"
73-->src\main\AndroidManifest.xml:51:13-47
74            android:screenOrientation="portrait"
74-->src\main\AndroidManifest.xml:52:13-49
75            android:supportsPictureInPicture="true"
75-->src\main\AndroidManifest.xml:53:13-52
76            android:windowSoftInputMode="stateHidden" />
76-->src\main\AndroidManifest.xml:54:13-54
77        <activity
77-->src\main\AndroidManifest.xml:56:9-63:35
78            android:name="com.notesplus.KrishSatasiya.SettingsActivity"
78-->src\main\AndroidManifest.xml:57:13-45
79            android:configChanges="orientation|screenSize|keyboardHidden|smallestScreenSize|screenLayout"
79-->src\main\AndroidManifest.xml:58:13-106
80            android:hardwareAccelerated="true"
80-->src\main\AndroidManifest.xml:59:13-47
81            android:screenOrientation="portrait"
81-->src\main\AndroidManifest.xml:60:13-49
82            android:supportsPictureInPicture="true"
82-->src\main\AndroidManifest.xml:61:13-52
83            android:windowSoftInputMode="stateHidden" />
83-->src\main\AndroidManifest.xml:62:13-54
84        <activity
84-->src\main\AndroidManifest.xml:64:9-71:35
85            android:name="com.notesplus.KrishSatasiya.NoteEditActivity"
85-->src\main\AndroidManifest.xml:65:13-45
86            android:configChanges="orientation|screenSize|keyboardHidden|smallestScreenSize|screenLayout"
86-->src\main\AndroidManifest.xml:66:13-106
87            android:hardwareAccelerated="true"
87-->src\main\AndroidManifest.xml:67:13-47
88            android:screenOrientation="portrait"
88-->src\main\AndroidManifest.xml:68:13-49
89            android:supportsPictureInPicture="true"
89-->src\main\AndroidManifest.xml:69:13-52
90            android:windowSoftInputMode="stateHidden" />
90-->src\main\AndroidManifest.xml:70:13-54
91        <activity
91-->src\main\AndroidManifest.xml:72:9-78:35
92            android:name="com.notesplus.KrishSatasiya.PrivacypolicyActivity"
92-->src\main\AndroidManifest.xml:73:13-50
93            android:configChanges="orientation|screenSize|keyboardHidden|smallestScreenSize|screenLayout"
93-->src\main\AndroidManifest.xml:74:13-106
94            android:hardwareAccelerated="true"
94-->src\main\AndroidManifest.xml:75:13-47
95            android:screenOrientation="portrait"
95-->src\main\AndroidManifest.xml:76:13-49
96            android:supportsPictureInPicture="true" />
96-->src\main\AndroidManifest.xml:77:13-52
97
98        <uses-library
98-->src\main\AndroidManifest.xml:80:9-82:40
99            android:name="org.apache.http.legacy"
99-->src\main\AndroidManifest.xml:81:13-50
100            android:required="false" />
100-->src\main\AndroidManifest.xml:82:13-37
101
102        <meta-data
102-->src\main\AndroidManifest.xml:84:9-86:51
103            android:name="com.google.android.gms.ads.APPLICATION_ID"
103-->src\main\AndroidManifest.xml:85:13-69
104            android:value="@string/admob_appid" />
104-->src\main\AndroidManifest.xml:86:13-48
105        <meta-data
105-->src\main\AndroidManifest.xml:87:9-89:57
106            android:name="preloaded_fonts"
106-->src\main\AndroidManifest.xml:88:13-43
107            android:resource="@array/preloaded_fonts" />
107-->src\main\AndroidManifest.xml:89:13-54
108        <!-- Include the AdActivity and InAppPurchaseActivity configChanges and themes. -->
109        <activity
109-->[com.google.android.gms:play-services-ads-lite:20.1.0] AndroidManifest.xml:48:9-52:64
110            android:name="com.google.android.gms.ads.AdActivity"
110-->[com.google.android.gms:play-services-ads-lite:20.1.0] AndroidManifest.xml:49:13-65
111            android:configChanges="keyboard|keyboardHidden|orientation|screenLayout|uiMode|screenSize|smallestScreenSize"
111-->[com.google.android.gms:play-services-ads-lite:20.1.0] AndroidManifest.xml:50:13-122
112            android:exported="false"
112-->[com.google.android.gms:play-services-ads-lite:20.1.0] AndroidManifest.xml:51:13-37
113            android:theme="@android:style/Theme.Translucent" />
113-->[com.google.android.gms:play-services-ads-lite:20.1.0] AndroidManifest.xml:52:13-61
114
115        <provider
115-->[com.google.android.gms:play-services-ads-lite:20.1.0] AndroidManifest.xml:54:9-58:39
116            android:name="com.google.android.gms.ads.MobileAdsInitProvider"
116-->[com.google.android.gms:play-services-ads-lite:20.1.0] AndroidManifest.xml:55:13-76
117            android:authorities="com.notesplus.KrishSatasiya.mobileadsinitprovider"
117-->[com.google.android.gms:play-services-ads-lite:20.1.0] AndroidManifest.xml:56:13-73
118            android:exported="false"
118-->[com.google.android.gms:play-services-ads-lite:20.1.0] AndroidManifest.xml:57:13-37
119            android:initOrder="100" />
119-->[com.google.android.gms:play-services-ads-lite:20.1.0] AndroidManifest.xml:58:13-36
120
121        <service
121-->[com.google.android.gms:play-services-ads-lite:20.1.0] AndroidManifest.xml:60:9-63:40
122            android:name="com.google.android.gms.ads.AdService"
122-->[com.google.android.gms:play-services-ads-lite:20.1.0] AndroidManifest.xml:61:13-64
123            android:enabled="true"
123-->[com.google.android.gms:play-services-ads-lite:20.1.0] AndroidManifest.xml:62:13-35
124            android:exported="false" />
124-->[com.google.android.gms:play-services-ads-lite:20.1.0] AndroidManifest.xml:63:13-37
125
126        <meta-data
126-->[com.google.android.gms:play-services-basement:17.6.0] AndroidManifest.xml:23:9-25:69
127            android:name="com.google.android.gms.version"
127-->[com.google.android.gms:play-services-basement:17.6.0] AndroidManifest.xml:24:13-58
128            android:value="@integer/google_play_services_version" />
128-->[com.google.android.gms:play-services-basement:17.6.0] AndroidManifest.xml:25:13-66
129
130        <provider
130-->[androidx.work:work-runtime:2.1.0] AndroidManifest.xml:30:9-36:35
131            android:name="androidx.work.impl.WorkManagerInitializer"
131-->[androidx.work:work-runtime:2.1.0] AndroidManifest.xml:31:13-69
132            android:authorities="com.notesplus.KrishSatasiya.workmanager-init"
132-->[androidx.work:work-runtime:2.1.0] AndroidManifest.xml:32:13-68
133            android:directBootAware="false"
133-->[androidx.work:work-runtime:2.1.0] AndroidManifest.xml:33:13-44
134            android:exported="false"
134-->[androidx.work:work-runtime:2.1.0] AndroidManifest.xml:34:13-37
135            android:multiprocess="true" />
135-->[androidx.work:work-runtime:2.1.0] AndroidManifest.xml:35:13-40
136
137        <service
137-->[androidx.work:work-runtime:2.1.0] AndroidManifest.xml:38:9-43:35
138            android:name="androidx.work.impl.background.systemalarm.SystemAlarmService"
138-->[androidx.work:work-runtime:2.1.0] AndroidManifest.xml:39:13-88
139            android:directBootAware="false"
139-->[androidx.work:work-runtime:2.1.0] AndroidManifest.xml:40:13-44
140            android:enabled="@bool/enable_system_alarm_service_default"
140-->[androidx.work:work-runtime:2.1.0] AndroidManifest.xml:41:13-72
141            android:exported="false" />
141-->[androidx.work:work-runtime:2.1.0] AndroidManifest.xml:42:13-37
142        <service
142-->[androidx.work:work-runtime:2.1.0] AndroidManifest.xml:44:9-50:35
143            android:name="androidx.work.impl.background.systemjob.SystemJobService"
143-->[androidx.work:work-runtime:2.1.0] AndroidManifest.xml:45:13-84
144            android:directBootAware="false"
144-->[androidx.work:work-runtime:2.1.0] AndroidManifest.xml:46:13-44
145            android:enabled="@bool/enable_system_job_service_default"
145-->[androidx.work:work-runtime:2.1.0] AndroidManifest.xml:47:13-70
146            android:exported="true"
146-->[androidx.work:work-runtime:2.1.0] AndroidManifest.xml:48:13-36
147            android:permission="android.permission.BIND_JOB_SERVICE" />
147-->[androidx.work:work-runtime:2.1.0] AndroidManifest.xml:49:13-69
148
149        <receiver
149-->[androidx.work:work-runtime:2.1.0] AndroidManifest.xml:52:9-57:35
150            android:name="androidx.work.impl.utils.ForceStopRunnable$BroadcastReceiver"
150-->[androidx.work:work-runtime:2.1.0] AndroidManifest.xml:53:13-88
151            android:directBootAware="false"
151-->[androidx.work:work-runtime:2.1.0] AndroidManifest.xml:54:13-44
152            android:enabled="true"
152-->[androidx.work:work-runtime:2.1.0] AndroidManifest.xml:55:13-35
153            android:exported="false" />
153-->[androidx.work:work-runtime:2.1.0] AndroidManifest.xml:56:13-37
154        <receiver
154-->[androidx.work:work-runtime:2.1.0] AndroidManifest.xml:58:9-68:20
155            android:name="androidx.work.impl.background.systemalarm.ConstraintProxy$BatteryChargingProxy"
155-->[androidx.work:work-runtime:2.1.0] AndroidManifest.xml:59:13-106
156            android:directBootAware="false"
156-->[androidx.work:work-runtime:2.1.0] AndroidManifest.xml:60:13-44
157            android:enabled="false"
157-->[androidx.work:work-runtime:2.1.0] AndroidManifest.xml:61:13-36
158            android:exported="false" >
158-->[androidx.work:work-runtime:2.1.0] AndroidManifest.xml:62:13-37
159            <intent-filter>
159-->[androidx.work:work-runtime:2.1.0] AndroidManifest.xml:64:13-67:29
160                <action android:name="android.intent.action.ACTION_POWER_CONNECTED" />
160-->[androidx.work:work-runtime:2.1.0] AndroidManifest.xml:65:17-87
160-->[androidx.work:work-runtime:2.1.0] AndroidManifest.xml:65:25-84
161                <action android:name="android.intent.action.ACTION_POWER_DISCONNECTED" />
161-->[androidx.work:work-runtime:2.1.0] AndroidManifest.xml:66:17-90
161-->[androidx.work:work-runtime:2.1.0] AndroidManifest.xml:66:25-87
162            </intent-filter>
163        </receiver>
164        <receiver
164-->[androidx.work:work-runtime:2.1.0] AndroidManifest.xml:69:9-79:20
165            android:name="androidx.work.impl.background.systemalarm.ConstraintProxy$BatteryNotLowProxy"
165-->[androidx.work:work-runtime:2.1.0] AndroidManifest.xml:70:13-104
166            android:directBootAware="false"
166-->[androidx.work:work-runtime:2.1.0] AndroidManifest.xml:71:13-44
167            android:enabled="false"
167-->[androidx.work:work-runtime:2.1.0] AndroidManifest.xml:72:13-36
168            android:exported="false" >
168-->[androidx.work:work-runtime:2.1.0] AndroidManifest.xml:73:13-37
169            <intent-filter>
169-->[androidx.work:work-runtime:2.1.0] AndroidManifest.xml:75:13-78:29
170                <action android:name="android.intent.action.BATTERY_OKAY" />
170-->[androidx.work:work-runtime:2.1.0] AndroidManifest.xml:76:17-77
170-->[androidx.work:work-runtime:2.1.0] AndroidManifest.xml:76:25-74
171                <action android:name="android.intent.action.BATTERY_LOW" />
171-->[androidx.work:work-runtime:2.1.0] AndroidManifest.xml:77:17-76
171-->[androidx.work:work-runtime:2.1.0] AndroidManifest.xml:77:25-73
172            </intent-filter>
173        </receiver>
174        <receiver
174-->[androidx.work:work-runtime:2.1.0] AndroidManifest.xml:80:9-90:20
175            android:name="androidx.work.impl.background.systemalarm.ConstraintProxy$StorageNotLowProxy"
175-->[androidx.work:work-runtime:2.1.0] AndroidManifest.xml:81:13-104
176            android:directBootAware="false"
176-->[androidx.work:work-runtime:2.1.0] AndroidManifest.xml:82:13-44
177            android:enabled="false"
177-->[androidx.work:work-runtime:2.1.0] AndroidManifest.xml:83:13-36
178            android:exported="false" >
178-->[androidx.work:work-runtime:2.1.0] AndroidManifest.xml:84:13-37
179            <intent-filter>
179-->[androidx.work:work-runtime:2.1.0] AndroidManifest.xml:86:13-89:29
180                <action android:name="android.intent.action.DEVICE_STORAGE_LOW" />
180-->[androidx.work:work-runtime:2.1.0] AndroidManifest.xml:87:17-83
180-->[androidx.work:work-runtime:2.1.0] AndroidManifest.xml:87:25-80
181                <action android:name="android.intent.action.DEVICE_STORAGE_OK" />
181-->[androidx.work:work-runtime:2.1.0] AndroidManifest.xml:88:17-82
181-->[androidx.work:work-runtime:2.1.0] AndroidManifest.xml:88:25-79
182            </intent-filter>
183        </receiver>
184        <receiver
184-->[androidx.work:work-runtime:2.1.0] AndroidManifest.xml:91:9-100:20
185            android:name="androidx.work.impl.background.systemalarm.ConstraintProxy$NetworkStateProxy"
185-->[androidx.work:work-runtime:2.1.0] AndroidManifest.xml:92:13-103
186            android:directBootAware="false"
186-->[androidx.work:work-runtime:2.1.0] AndroidManifest.xml:93:13-44
187            android:enabled="false"
187-->[androidx.work:work-runtime:2.1.0] AndroidManifest.xml:94:13-36
188            android:exported="false" >
188-->[androidx.work:work-runtime:2.1.0] AndroidManifest.xml:95:13-37
189            <intent-filter>
189-->[androidx.work:work-runtime:2.1.0] AndroidManifest.xml:97:13-99:29
190                <action android:name="android.net.conn.CONNECTIVITY_CHANGE" />
190-->[androidx.work:work-runtime:2.1.0] AndroidManifest.xml:98:17-79
190-->[androidx.work:work-runtime:2.1.0] AndroidManifest.xml:98:25-76
191            </intent-filter>
192        </receiver>
193        <receiver
193-->[androidx.work:work-runtime:2.1.0] AndroidManifest.xml:101:9-112:20
194            android:name="androidx.work.impl.background.systemalarm.RescheduleReceiver"
194-->[androidx.work:work-runtime:2.1.0] AndroidManifest.xml:102:13-88
195            android:directBootAware="false"
195-->[androidx.work:work-runtime:2.1.0] AndroidManifest.xml:103:13-44
196            android:enabled="false"
196-->[androidx.work:work-runtime:2.1.0] AndroidManifest.xml:104:13-36
197            android:exported="false" >
197-->[androidx.work:work-runtime:2.1.0] AndroidManifest.xml:105:13-37
198            <intent-filter>
198-->[androidx.work:work-runtime:2.1.0] AndroidManifest.xml:107:13-111:29
199                <action android:name="android.intent.action.BOOT_COMPLETED" />
199-->[androidx.work:work-runtime:2.1.0] AndroidManifest.xml:108:17-79
199-->[androidx.work:work-runtime:2.1.0] AndroidManifest.xml:108:25-76
200                <action android:name="android.intent.action.TIME_SET" />
200-->[androidx.work:work-runtime:2.1.0] AndroidManifest.xml:109:17-73
200-->[androidx.work:work-runtime:2.1.0] AndroidManifest.xml:109:25-70
201                <action android:name="android.intent.action.TIMEZONE_CHANGED" />
201-->[androidx.work:work-runtime:2.1.0] AndroidManifest.xml:110:17-81
201-->[androidx.work:work-runtime:2.1.0] AndroidManifest.xml:110:25-78
202            </intent-filter>
203        </receiver>
204        <receiver
204-->[androidx.work:work-runtime:2.1.0] AndroidManifest.xml:113:9-122:20
205            android:name="androidx.work.impl.background.systemalarm.ConstraintProxyUpdateReceiver"
205-->[androidx.work:work-runtime:2.1.0] AndroidManifest.xml:114:13-99
206            android:directBootAware="false"
206-->[androidx.work:work-runtime:2.1.0] AndroidManifest.xml:115:13-44
207            android:enabled="@bool/enable_system_alarm_service_default"
207-->[androidx.work:work-runtime:2.1.0] AndroidManifest.xml:116:13-72
208            android:exported="false" >
208-->[androidx.work:work-runtime:2.1.0] AndroidManifest.xml:117:13-37
209            <intent-filter>
209-->[androidx.work:work-runtime:2.1.0] AndroidManifest.xml:119:13-121:29
210                <action android:name="androidx.work.impl.background.systemalarm.UpdateProxies" />
210-->[androidx.work:work-runtime:2.1.0] AndroidManifest.xml:120:17-98
210-->[androidx.work:work-runtime:2.1.0] AndroidManifest.xml:120:25-95
211            </intent-filter>
212        </receiver>
213
214        <service
214-->[androidx.room:room-runtime:2.1.0] AndroidManifest.xml:25:9-27:40
215            android:name="androidx.room.MultiInstanceInvalidationService"
215-->[androidx.room:room-runtime:2.1.0] AndroidManifest.xml:26:13-74
216            android:exported="false" />
216-->[androidx.room:room-runtime:2.1.0] AndroidManifest.xml:27:13-37
217    </application>
218
219</manifest>